<?xml version="1.0" encoding="UTF-8"?>
<!-- Generated by org.testng.reporters.JUnitReportReporter -->
<testsuite skipped="1" hostname="DESKTOP-OQ3P6LF" name="practiceTestNG.SkipTestInTestNG" tests="3" failures="0" timestamp="22 Jun 2022 15:18:32 GMT" time="0.041" errors="0">
  <testcase name="testcase1" time="0.033" classname="practiceTestNG.SkipTestInTestNG"/>
  <testcase name="testcase3" time="0.008" classname="practiceTestNG.SkipTestInTestNG"/>
  <testcase name="testcase2" classname="practiceTestNG.SkipTestInTestNG">
    <skipped/>
  </testcase> <!-- testcase2 -->
</testsuite> <!-- practiceTestNG.SkipTestInTestNG -->
