<?xml version="1.0" encoding="UTF-8"?>
<!-- Generated by org.testng.reporters.JUnitReportReporter -->
<testsuite skipped="1" hostname="DESKTOP-OQ3P6LF" name="practiceTestNG.TestCasesWithPriority" tests="7" failures="0" timestamp="22 Jun 2022 15:06:45 GMT" time="0.081" errors="0">
  <testcase name="ktestCase_5" time="0.057" classname="practiceTestNG.TestCasesWithPriority"/>
  <testcase name="ktestCase_7" time="0.006" classname="practiceTestNG.TestCasesWithPriority"/>
  <testcase name="ktestCase_6" time="0.003" classname="practiceTestNG.TestCasesWithPriority"/>
  <testcase name="atestCase_1" time="0.003" classname="practiceTestNG.TestCasesWithPriority"/>
  <testcase name="gtestCase_2" time="0.002" classname="practiceTestNG.TestCasesWithPriority"/>
  <testcase name="btestCase_3" time="0.010" classname="practiceTestNG.TestCasesWithPriority"/>
  <testcase name="ktestCase_4" classname="practiceTestNG.TestCasesWithPriority">
    <skipped/>
  </testcase> <!-- ktestCase_4 -->
</testsuite> <!-- practiceTestNG.TestCasesWithPriority -->
