<?xml version="1.0" encoding="UTF-8"?>
<!-- Generated by org.testng.reporters.JUnitReportReporter -->
<testsuite skipped="0" hostname="DESKTOP-OQ3P6LF" name="testScenarios.TestCases" tests="1" failures="0" timestamp="22 Jun 2022 15:48:19 GMT" time="12.252" errors="0">
  <testcase name="bookBusTicketAndPrint" time="12.252" classname="testScenarios.TestCases"/>
</testsuite> <!-- testScenarios.TestCases -->
