<?xml version="1.0" encoding="UTF-8"?>
<!-- Generated by org.testng.reporters.JUnitReportReporter -->
<testsuite skipped="0" hostname="DESKTOP-OQ3P6LF" name="testScenarios.TestCases" tests="1" failures="0" timestamp="21 Jun 2022 14:50:21 GMT" time="9.432" errors="0">
  <testcase name="bookBusTicketAndPrint" time="9.432" classname="testScenarios.TestCases"/>
</testsuite> <!-- testScenarios.TestCases -->
