<?xml version="1.0" encoding="UTF-8"?>
<!-- Generated by org.testng.reporters.JUnitReportReporter -->
<testsuite skipped="0" hostname="DESKTOP-OQ3P6LF" name="practiceTestNG.PracticeTestNG" tests="4" failures="0" timestamp="21 Jun 2022 15:18:21 GMT" time="0.039" errors="0">
  <testcase name="bookCruise" time="0.011" classname="practiceTestNG.PracticeTestNG"/>
  <testcase name="bookFlight" time="0.006" classname="practiceTestNG.PracticeTestNG"/>
  <testcase name="bookCar" time="0.013" classname="practiceTestNG.PracticeTestNG"/>
  <testcase name="bookHotel" time="0.009" classname="practiceTestNG.PracticeTestNG"/>
</testsuite> <!-- practiceTestNG.PracticeTestNG -->
