<?xml version="1.0" encoding="UTF-8"?>
<!-- Generated by org.testng.reporters.JUnitReportReporter -->
<testsuite skipped="0" hostname="DESKTOP-OQ3P6LF" name="practiceTestNG.TestNGPractice" tests="3" failures="0" timestamp="22 Jun 2022 14:44:02 GMT" time="0.055" errors="0">
  <testcase name="deleteMail" time="0.033" classname="practiceTestNG.TestNGPractice"/>
  <testcase name="sendMail" time="0.015" classname="practiceTestNG.TestNGPractice"/>
  <testcase name="replyMail" time="0.007" classname="practiceTestNG.TestNGPractice"/>
</testsuite> <!-- practiceTestNG.TestNGPractice -->
