<?xml version="1.0" encoding="UTF-8"?>
<!-- Generated by org.testng.reporters.JUnitReportReporter -->
<testsuite skipped="0" hostname="DESKTOP-OQ3P6LF" name="practiceTestNG.SeleniumTestsFirefox" tests="2" failures="0" timestamp="21 Jun 2022 15:22:34 GMT" time="0.032" errors="0">
  <testcase name="replyToEmail" time="0.006" classname="practiceTestNG.SeleniumTestsFirefox"/>
  <testcase name="forwardToEmail" time="0.026" classname="practiceTestNG.SeleniumTestsFirefox"/>
</testsuite> <!-- practiceTestNG.SeleniumTestsFirefox -->
